2024-07-19 00:32:00.093 +07:00 [ERR] [internal]
System.InvalidCastException: Specified cast is not valid.
   at Global.Session_End(Object sender, EventArgs e)
2024-07-19 02:33:35.227 +07:00 [ERR] /linh-vuc/gia-cong-hoa-san-xuat.html
System.Web.HttpUnhandledException (0x80004005): Exception of type 'System.Web.HttpUnhandledException' was thrown. ---> System.NullReferenceException: Object reference not set to an instance of an object.
   at ASP._Page__compt_field_item_cshtml.<Execute>b__9_0(ViewModel model)
   at MyWebPage.LoadData[T](String key, Func`2 setup)
   at ASP._Page__compt_field_item_cshtml.Execute()
   at System.Web.WebPages.WebPageBase.ExecutePageHierarchy()
   at System.Web.WebPages.WebPage.ExecutePageHierarchy(IEnumerable`1 executors)
   at System.Web.WebPages.WebPage.ExecutePageHierarchy()
   at System.Web.WebPages.WebPageBase.ExecutePageHierarchy(WebPageContext pageContext, TextWriter writer, WebPageRenderingBase startPage)
   at System.Web.WebPages.WebPageHttpHandler.ProcessRequestInternal(HttpContextBase httpContext)
   at System.Web.WebPages.WebPageHttpHandler.HandleError(Exception e)
   at System.Web.WebPages.WebPageHttpHandler.ProcessRequestInternal(HttpContextBase httpContext)
   at System.Web.WebPages.WebPageHttpHandler.ProcessRequestInternal(HttpContext context)
   at System.Web.WebPages.WebPageHttpHandler.ProcessRequest(HttpContext context)
   at System.Web.HttpApplication.CallHandlerExecutionStep.System.Web.HttpApplication.IExecutionStep.Execute()
   at System.Web.HttpApplication.ExecuteStepImpl(IExecutionStep step)
   at System.Web.HttpApplication.ExecuteStep(IExecutionStep step, Boolean& completedSynchronously)
2024-07-19 03:12:20.047 +07:00 [ERR] [internal]
System.InvalidCastException: Specified cast is not valid.
   at Global.Session_End(Object sender, EventArgs e)
2024-07-19 07:09:53.424 +07:00 [ERR] /wp-includes/css/themes.php 
System.Web.HttpException (0x80004005)
   at System.Web.Util.FileUtil.CheckSuspiciousPhysicalPath(String physicalPath)
   at System.Web.CachedPathData.ValidatePath(String physicalPath)
   at System.Web.HttpContext.ValidatePath()
   at System.Web.HttpApplication.PipelineStepManager.ValidateHelper(HttpContext context)
2024-07-19 07:09:53.783 +07:00 [ERR] /wp-includes/css/themes.php 
System.Web.HttpException (0x80004005)
   at System.Web.Util.FileUtil.CheckSuspiciousPhysicalPath(String physicalPath)
   at System.Web.CachedPathData.ValidatePath(String physicalPath)
   at System.Web.HttpContext.ValidatePath()
   at System.Web.HttpApplication.PipelineStepManager.ValidateHelper(HttpContext context)
2024-07-19 12:31:20.054 +07:00 [ERR] [internal]
System.InvalidCastException: Specified cast is not valid.
   at Global.Session_End(Object sender, EventArgs e)
2024-07-19 15:38:20.057 +07:00 [ERR] [internal]
System.InvalidCastException: Specified cast is not valid.
   at Global.Session_End(Object sender, EventArgs e)
2024-07-19 20:21:00.037 +07:00 [ERR] [internal]
System.InvalidCastException: Specified cast is not valid.
   at Global.Session_End(Object sender, EventArgs e)
